[ 2023/7/1 00:09:04 ] [ log ] mongodb load success...
[ 2023/7/1 00:13:05 ] [ log ] mongodb load success...
[ 2023/7/1 00:16:56 ] [ log ] mongodb load success...
[ 2023/7/1 00:17:49 ] [ log ] mongodb load success...
[ 2023/7/1 00:18:44 ] [ log ] mongodb load success...
[ 2023/7/1 00:19:12 ] [ log ] mongodb load success...
[ 2023/7/1 00:19:31 ] [ log ] mongodb load success...
[ 2023/7/1 00:20:30 ] [ log ] mongodb load success...
[ 2023/7/1 00:21:52 ] [ log ] mongodb load success...
[ 2023/7/1 00:22:12 ] [ log ] mongodb load success...
[ 2023/7/1 00:22:15 ] [ log ] mongodb load success...
[ 2023/7/1 00:23:37 ] [ log ] mongodb load success...
[ 2023/7/1 00:24:01 ] [ log ] mongodb load success...
[ 2023/7/1 00:24:27 ] [ log ] mongodb load success...
[ 2023/7/1 00:24:38 ] [ log ] mongodb load success...
[ 2023/7/1 00:31:53 ] [ log ] mongodb load success...
[ 2023/7/1 00:34:54 ] [ log ] mongodb load success...
[ 2023/7/1 00:38:45 ] [ log ] mongodb load success...
[ 2023/7/1 00:39:56 ] [ log ] mongodb load success...
[ 2023/7/1 00:40:14 ] [ log ] mongodb load success...
[ 2023/7/1 00:41:14 ] [ log ] mongodb load success...
[ 2023/7/1 00:41:20 ] [ log ] mongodb load success...
[ 2023/7/1 00:41:35 ] [ log ] mongodb load success...
[ 2023/7/1 00:41:56 ] [ log ] mongodb load success...
[ 2023/7/1 00:44:34 ] [ log ] mongodb load success...
[ 2023/7/1 00:45:19 ] [ log ] mongodb load success...
[ 2023/7/1 00:45:48 ] [ log ] mongodb load success...
[ 2023/7/1 00:52:47 ] [ log ] mongodb load success...
[ 2023/7/1 00:56:36 ] [ log ] mongodb load success...
[ 2023/7/1 00:57:38 ] [ log ] mongodb load success...
[ 2023/7/1 00:59:58 ] [ log ] mongodb load success...
[ 2023/7/1 01:02:27 ] [ log ] mongodb load success...
[ 2023/7/1 01:04:20 ] [ log ] mongodb load success...
[ 2023/7/1 01:04:55 ] [ log ] mongodb load success...
[ 2023/7/1 01:05:29 ] [ log ] mongodb load success...
[ 2023/7/1 01:06:17 ] [ log ] mongodb load success...
[ 2023/7/1 01:07:20 ] [ log ] mongodb load success...
[ 2023/7/1 01:08:39 ] [ log ] mongodb load success...
[ 2023/7/1 01:10:58 ] [ log ] mongodb load success...
[ 2023/7/1 01:11:01 ] [ log ] mongodb load success...
[ 2023/7/1 01:12:12 ] [ log ] mongodb load success...
[ 2023/7/1 01:12:30 ] [ log ] mongodb load success...
[ 2023/7/1 01:12:57 ] [ log ] mongodb load success...
[ 2023/7/1 01:14:44 ] [ log ] mongodb load success...
[ 2023/7/1 01:19:06 ] [ log ] mongodb load success...
[ 2023/7/1 01:19:08 ] [ log ] mongodb load success...
[ 2023/7/1 01:19:32 ] [ log ] mongodb load success...
[ 2023/7/1 01:20:28 ] [ log ] mongodb load success...
[ 2023/7/1 01:21:28 ] [ log ] mongodb load success...
[ 2023/7/1 01:24:18 ] [ log ] mongodb load success...
[ 2023/7/1 01:24:28 ] [ log ] mongodb load success...
[ 2023/7/1 01:24:49 ] [ log ] mongodb load success...
[ 2023/7/1 01:25:06 ] [ log ] mongodb load success...
[ 2023/7/1 01:25:33 ] [ log ] mongodb load success...
[ 2023/7/1 01:27:01 ] [ log ] mongodb load success...
[ 2023/7/1 01:37:39 ] [ log ] mongodb load success...
[ 2023/7/1 01:37:45 ] [ log ] mongodb load success...
[ 2023/7/1 01:38:58 ] [ log ] mongodb load success...
[ 2023/7/1 01:40:39 ] [ log ] mongodb load success...
[ 2023/7/1 01:41:54 ] [ log ] mongodb load success...
[ 2023/7/1 01:46:18 ] [ log ] mongodb load success...
[ 2023/7/1 01:48:16 ] [ log ] mongodb load success...
[ 2023/7/1 01:52:44 ] [ log ] mongodb load success...
[ 2023/7/1 01:55:07 ] [ log ] mongodb load success...
[ 2023/7/1 02:01:32 ] [ log ] mongodb load success...
[ 2023/7/1 02:03:00 ] [ log ] mongodb load success...
[ 2023/7/1 02:03:15 ] [ log ] mongodb load success...
[ 2023/7/1 02:04:15 ] [ log ] mongodb load success...
[ 2023/7/1 02:04:21 ] [ log ] mongodb load success...
[ 2023/7/1 02:06:29 ] [ log ] mongodb load success...
[ 2023/7/1 02:07:06 ] [ log ] mongodb load success...
[ 2023/7/1 02:08:13 ] [ log ] mongodb load success...
[ 2023/7/1 02:08:25 ] [ log ] mongodb load success...
[ 2023/7/1 02:08:44 ] [ log ] mongodb load success...
[ 2023/7/1 02:09:27 ] [ log ] mongodb load success...
[ 2023/7/1 02:12:32 ] [ log ] mongodb load success...
[ 2023/7/1 02:14:16 ] [ log ] mongodb load success...
[ 2023/7/1 02:15:31 ] [ log ] mongodb load success...
[ 2023/7/1 02:15:31 ] [ log ] -------------------------------------swaggerSyncUtils constructor-----------------------------------------------
[ 2023/7/1 02:15:31 ] [ log ] 服务已启动，请打开下面链接访问: 
http://127.0.0.1:3030/
[ 2023/7/1 02:15:41 ] [ log ] mongodb load success...
[ 2023/7/1 02:15:41 ] [ log ] -------------------------------------swaggerSyncUtils constructor-----------------------------------------------
[ 2023/7/1 02:15:41 ] [ log ] 服务已启动，请打开下面链接访问: 
http://127.0.0.1:3030/
[ 2023/7/1 02:16:19 ] [ error ] Cannot read properties of undefined (reading 'email')
[ 2023/7/1 02:16:34 ] [ error ] Cannot read properties of undefined (reading 'email')
[ 2023/7/1 02:16:45 ] [ error ] Cannot read properties of undefined (reading 'email')
[ 2023/7/1 02:16:46 ] [ error ] Cannot read properties of undefined (reading 'email')
[ 2023/7/1 02:16:52 ] [ error ] Cannot read properties of undefined (reading 'email')
[ 2023/7/1 15:13:41 ] [ log ] mongodb load success...
[ 2023/7/1 15:13:42 ] [ log ] -------------------------------------swaggerSyncUtils constructor-----------------------------------------------
[ 2023/7/1 15:13:42 ] [ log ] 服务已启动，请打开下面链接访问: 
http://127.0.0.1:3030/
[ 2023/7/1 15:15:12 ] [ error ] Cannot read properties of undefined (reading 'email')
[ 2023/7/1 15:15:44 ] [ log ] mongodb load success...
[ 2023/7/1 15:15:44 ] [ log ] -------------------------------------swaggerSyncUtils constructor-----------------------------------------------
[ 2023/7/1 15:15:44 ] [ log ] 服务已启动，请打开下面链接访问: 
http://127.0.0.1:3030/
[ 2023/7/1 15:18:17 ] [ log ] mongodb load success...
[ 2023/7/1 15:18:18 ] [ log ] -------------------------------------swaggerSyncUtils constructor-----------------------------------------------
[ 2023/7/1 15:18:18 ] [ log ] 服务已启动，请打开下面链接访问: 
http://127.0.0.1:3030/
[ 2023/7/1 15:18:19 ] [ log ] mongodb load success...
[ 2023/7/1 15:18:19 ] [ log ] -------------------------------------swaggerSyncUtils constructor-----------------------------------------------
[ 2023/7/1 15:18:20 ] [ log ] 服务已启动，请打开下面链接访问: 
http://127.0.0.1:3030/
[ 2023/7/1 15:18:53 ] [ log ] mongodb load success...
[ 2023/7/1 15:18:53 ] [ log ] -------------------------------------swaggerSyncUtils constructor-----------------------------------------------
[ 2023/7/1 15:18:54 ] [ log ] 服务已启动，请打开下面链接访问: 
http://127.0.0.1:3030/
[ 2023/7/1 15:19:06 ] [ error ] Cannot read properties of undefined (reading 'email')
[ 2023/7/1 15:19:42 ] [ log ] mongodb load success...
[ 2023/7/1 15:19:42 ] [ log ] -------------------------------------swaggerSyncUtils constructor-----------------------------------------------
[ 2023/7/1 15:19:43 ] [ log ] 服务已启动，请打开下面链接访问: 
http://127.0.0.1:3030/
[ 2023/7/1 15:19:47 ] [ error ] Cannot read properties of undefined (reading 'email')
[ 2023/7/1 15:20:01 ] [ log ] mongodb load success...
[ 2023/7/1 15:20:01 ] [ log ] -------------------------------------swaggerSyncUtils constructor-----------------------------------------------
[ 2023/7/1 15:20:02 ] [ log ] 服务已启动，请打开下面链接访问: 
http://127.0.0.1:3030/
[ 2023/7/1 15:20:10 ] [ log ] mongodb load success...
[ 2023/7/1 15:20:10 ] [ log ] -------------------------------------swaggerSyncUtils constructor-----------------------------------------------
[ 2023/7/1 15:20:10 ] [ log ] 服务已启动，请打开下面链接访问: 
http://127.0.0.1:3030/
[ 2023/7/1 15:20:35 ] [ log ] mongodb load success...
[ 2023/7/1 15:20:35 ] [ log ] -------------------------------------swaggerSyncUtils constructor-----------------------------------------------
[ 2023/7/1 15:20:35 ] [ log ] 服务已启动，请打开下面链接访问: 
http://127.0.0.1:3030/
[ 2023/7/1 15:20:42 ] [ error ] Cannot read properties of undefined (reading 'email')
[ 2023/7/1 15:22:46 ] [ log ] mongodb load success...
[ 2023/7/1 15:22:46 ] [ log ] -------------------------------------swaggerSyncUtils constructor-----------------------------------------------
[ 2023/7/1 15:22:46 ] [ log ] 服务已启动，请打开下面链接访问: 
http://127.0.0.1:3030/
[ 2023/7/1 15:25:31 ] [ log ] mongodb load success...
[ 2023/7/1 15:25:31 ] [ log ] -------------------------------------swaggerSyncUtils constructor-----------------------------------------------
[ 2023/7/1 15:25:31 ] [ log ] 服务已启动，请打开下面链接访问: 
http://127.0.0.1:3030/
[ 2023/7/1 15:25:36 ] [ log ] mongodb load success...
[ 2023/7/1 15:25:36 ] [ log ] -------------------------------------swaggerSyncUtils constructor-----------------------------------------------
[ 2023/7/1 15:25:37 ] [ log ] 服务已启动，请打开下面链接访问: 
http://127.0.0.1:3030/
[ 2023/7/1 15:46:57 ] [ log ] mongodb load success...
[ 2023/7/1 15:46:57 ] [ log ] -------------------------------------swaggerSyncUtils constructor-----------------------------------------------
[ 2023/7/1 15:46:58 ] [ log ] 服务已启动，请打开下面链接访问: 
http://127.0.0.1:3030/
[ 2023/7/1 15:47:27 ] [ log ] mongodb load success...
[ 2023/7/1 15:47:27 ] [ log ] -------------------------------------swaggerSyncUtils constructor-----------------------------------------------
[ 2023/7/1 15:47:27 ] [ log ] 服务已启动，请打开下面链接访问: 
http://127.0.0.1:3030/
[ 2023/7/1 15:47:32 ] [ log ] mongodb load success...
[ 2023/7/1 15:47:32 ] [ log ] -------------------------------------swaggerSyncUtils constructor-----------------------------------------------
[ 2023/7/1 15:47:32 ] [ log ] 服务已启动，请打开下面链接访问: 
http://127.0.0.1:3030/
[ 2023/7/1 15:47:53 ] [ error ] Cannot read properties of undefined (reading 'email')
[ 2023/7/1 15:50:45 ] [ log ] mongodb load success...
[ 2023/7/1 15:50:45 ] [ log ] -------------------------------------swaggerSyncUtils constructor-----------------------------------------------
[ 2023/7/1 15:50:59 ] [ log ] mongodb load success...
[ 2023/7/1 15:50:59 ] [ log ] -------------------------------------swaggerSyncUtils constructor-----------------------------------------------
[ 2023/7/1 15:50:59 ] [ log ] 服务已启动，请打开下面链接访问: 
http://127.0.0.1:3030/
[ 2023/7/1 15:51:19 ] [ error ] Cannot read properties of undefined (reading 'email')
[ 2023/7/1 15:53:17 ] [ log ] mongodb load success...
[ 2023/7/1 15:53:17 ] [ log ] -------------------------------------swaggerSyncUtils constructor-----------------------------------------------
[ 2023/7/1 15:53:18 ] [ log ] 服务已启动，请打开下面链接访问: 
http://127.0.0.1:3030/
[ 2023/7/1 15:53:43 ] [ log ] mongodb load success...
[ 2023/7/1 15:53:43 ] [ log ] -------------------------------------swaggerSyncUtils constructor-----------------------------------------------
[ 2023/7/1 15:53:43 ] [ log ] 服务已启动，请打开下面链接访问: 
http://127.0.0.1:3030/
[ 2023/7/1 15:54:22 ] [ log ] mongodb load success...
[ 2023/7/1 15:54:22 ] [ log ] -------------------------------------swaggerSyncUtils constructor-----------------------------------------------
[ 2023/7/1 15:54:22 ] [ log ] 服务已启动，请打开下面链接访问: 
http://127.0.0.1:3030/
[ 2023/7/1 15:54:30 ] [ error ] Cannot read properties of undefined (reading 'email')
[ 2023/7/1 15:54:35 ] [ error ] Cannot read properties of undefined (reading 'email')
[ 2023/7/1 15:54:42 ] [ error ] Cannot read properties of undefined (reading 'email')
[ 2023/7/1 23:16:49 ] [ log ] mongodb load success...
[ 2023/7/1 23:16:52 ] [ log ] mongodb load success...
[ 2023/7/1 23:16:53 ] [ log ] -------------------------------------swaggerSyncUtils constructor-----------------------------------------------
[ 2023/7/1 23:16:53 ] [ log ] 服务已启动，请打开下面链接访问: 
http://127.0.0.1:3030/
[ 2023/7/1 23:17:47 ] [ error ] Cannot read properties of undefined (reading 'email')
[ 2023/7/1 23:18:25 ] [ log ] mongodb load success...
[ 2023/7/1 23:18:25 ] [ log ] -------------------------------------swaggerSyncUtils constructor-----------------------------------------------
[ 2023/7/1 23:18:25 ] [ log ] 服务已启动，请打开下面链接访问: 
http://127.0.0.1:3030/
[ 2023/7/1 23:21:15 ] [ log ] mongodb load success...
[ 2023/7/1 23:21:15 ] [ log ] -------------------------------------swaggerSyncUtils constructor-----------------------------------------------
[ 2023/7/1 23:21:15 ] [ log ] 服务已启动，请打开下面链接访问: 
http://127.0.0.1:3030/
[ 2023/7/1 23:21:42 ] [ error ] Cannot read properties of undefined (reading 'email')
[ 2023/7/1 23:21:49 ] [ log ] mongodb load success...
[ 2023/7/1 23:21:49 ] [ log ] -------------------------------------swaggerSyncUtils constructor-----------------------------------------------
[ 2023/7/1 23:21:49 ] [ log ] 服务已启动，请打开下面链接访问: 
http://127.0.0.1:3030/
[ 2023/7/1 23:25:48 ] [ log ] mongodb load success...
[ 2023/7/1 23:25:48 ] [ log ] -------------------------------------swaggerSyncUtils constructor-----------------------------------------------
[ 2023/7/1 23:25:48 ] [ log ] 服务已启动，请打开下面链接访问: 
http://127.0.0.1:3030/
[ 2023/7/1 23:25:52 ] [ log ] mongodb load success...
[ 2023/7/1 23:25:52 ] [ log ] -------------------------------------swaggerSyncUtils constructor-----------------------------------------------
[ 2023/7/1 23:25:52 ] [ log ] 服务已启动，请打开下面链接访问: 
http://127.0.0.1:3030/
[ 2023/7/1 23:27:23 ] [ log ] mongodb load success...
[ 2023/7/1 23:27:23 ] [ log ] -------------------------------------swaggerSyncUtils constructor-----------------------------------------------
[ 2023/7/1 23:27:24 ] [ log ] 服务已启动，请打开下面链接访问: 
http://127.0.0.1:3030/
[ 2023/7/1 23:28:17 ] [ log ] mongodb load success...
[ 2023/7/1 23:28:17 ] [ log ] -------------------------------------swaggerSyncUtils constructor-----------------------------------------------
[ 2023/7/1 23:28:18 ] [ log ] 服务已启动，请打开下面链接访问: 
http://127.0.0.1:3030/
[ 2023/7/1 23:29:35 ] [ log ] mongodb load success...
[ 2023/7/1 23:29:36 ] [ log ] -------------------------------------swaggerSyncUtils constructor-----------------------------------------------
[ 2023/7/1 23:29:36 ] [ log ] 服务已启动，请打开下面链接访问: 
http://127.0.0.1:3030/
[ 2023/7/1 23:30:52 ] [ log ] mongodb load success...
[ 2023/7/1 23:30:52 ] [ log ] -------------------------------------swaggerSyncUtils constructor-----------------------------------------------
[ 2023/7/1 23:30:52 ] [ log ] 服务已启动，请打开下面链接访问: 
http://127.0.0.1:3030/
[ 2023/7/1 23:32:13 ] [ log ] mongodb load success...
[ 2023/7/1 23:32:13 ] [ log ] -------------------------------------swaggerSyncUtils constructor-----------------------------------------------
[ 2023/7/1 23:32:13 ] [ log ] 服务已启动，请打开下面链接访问: 
http://127.0.0.1:3030/
[ 2023/7/1 23:32:22 ] [ log ] mongodb load success...
[ 2023/7/1 23:32:22 ] [ log ] -------------------------------------swaggerSyncUtils constructor-----------------------------------------------
[ 2023/7/1 23:32:22 ] [ log ] 服务已启动，请打开下面链接访问: 
http://127.0.0.1:3030/
[ 2023/7/1 23:33:34 ] [ log ] mongodb load success...
[ 2023/7/1 23:33:34 ] [ log ] -------------------------------------swaggerSyncUtils constructor-----------------------------------------------
[ 2023/7/1 23:33:34 ] [ log ] 服务已启动，请打开下面链接访问: 
http://127.0.0.1:3030/
[ 2023/7/1 23:34:48 ] [ log ] mongodb load success...
[ 2023/7/1 23:34:48 ] [ log ] -------------------------------------swaggerSyncUtils constructor-----------------------------------------------
[ 2023/7/1 23:34:49 ] [ log ] 服务已启动，请打开下面链接访问: 
http://127.0.0.1:3030/
[ 2023/7/1 23:35:14 ] [ log ] mongodb load success...
[ 2023/7/1 23:35:14 ] [ log ] -------------------------------------swaggerSyncUtils constructor-----------------------------------------------
[ 2023/7/1 23:35:14 ] [ log ] 服务已启动，请打开下面链接访问: 
http://127.0.0.1:3030/
[ 2023/7/1 23:35:59 ] [ log ] mongodb load success...
[ 2023/7/1 23:35:59 ] [ log ] -------------------------------------swaggerSyncUtils constructor-----------------------------------------------
[ 2023/7/1 23:35:59 ] [ log ] 服务已启动，请打开下面链接访问: 
http://127.0.0.1:3030/
[ 2023/7/1 23:36:02 ] [ log ] mongodb load success...
[ 2023/7/1 23:36:02 ] [ log ] -------------------------------------swaggerSyncUtils constructor-----------------------------------------------
[ 2023/7/1 23:36:02 ] [ log ] 服务已启动，请打开下面链接访问: 
http://127.0.0.1:3030/
[ 2023/7/1 23:37:40 ] [ log ] mongodb load success...
[ 2023/7/1 23:37:41 ] [ log ] -------------------------------------swaggerSyncUtils constructor-----------------------------------------------
[ 2023/7/1 23:37:41 ] [ log ] 服务已启动，请打开下面链接访问: 
http://127.0.0.1:3030/
[ 2023/7/1 23:37:45 ] [ log ] mongodb load success...
[ 2023/7/1 23:37:45 ] [ log ] -------------------------------------swaggerSyncUtils constructor-----------------------------------------------
[ 2023/7/1 23:37:45 ] [ log ] 服务已启动，请打开下面链接访问: 
http://127.0.0.1:3030/
[ 2023/7/7 19:35:49 ] [ log ] mongodb load success...
[ 2023/7/7 19:35:50 ] [ log ] -------------------------------------swaggerSyncUtils constructor-----------------------------------------------
[ 2023/7/7 19:35:50 ] [ log ] 服务已启动，请打开下面链接访问: 
http://127.0.0.1:3030/
[ 2023/7/7 19:43:42 ] [ log ] mongodb load success...
[ 2023/7/7 19:43:42 ] [ log ] -------------------------------------swaggerSyncUtils constructor-----------------------------------------------
[ 2023/7/7 19:43:43 ] [ log ] mongodb load success...
[ 2023/7/7 19:43:43 ] [ log ] -------------------------------------swaggerSyncUtils constructor-----------------------------------------------
[ 2023/7/7 19:43:43 ] [ log ] 服务已启动，请打开下面链接访问: 
http://127.0.0.1:3030/
[ 2023/7/7 19:44:59 ] [ log ] mongodb load success...
[ 2023/7/7 19:44:59 ] [ log ] -------------------------------------swaggerSyncUtils constructor-----------------------------------------------
[ 2023/7/7 19:44:59 ] [ log ] 服务已启动，请打开下面链接访问: 
http://127.0.0.1:3030/
[ 2023/7/7 19:46:37 ] [ log ] mongodb load success...
[ 2023/7/7 19:46:37 ] [ log ] -------------------------------------swaggerSyncUtils constructor-----------------------------------------------
[ 2023/7/7 19:46:38 ] [ log ] 服务已启动，请打开下面链接访问: 
http://127.0.0.1:3030/
[ 2023/7/7 19:47:47 ] [ log ] mongodb load success...
[ 2023/7/7 19:47:47 ] [ log ] -------------------------------------swaggerSyncUtils constructor-----------------------------------------------
[ 2023/7/7 19:47:47 ] [ log ] 服务已启动，请打开下面链接访问: 
http://127.0.0.1:3030/
[ 2023/7/7 19:48:23 ] [ log ] mongodb load success...
[ 2023/7/7 19:48:24 ] [ log ] -------------------------------------swaggerSyncUtils constructor-----------------------------------------------
[ 2023/7/7 19:48:24 ] [ log ] 服务已启动，请打开下面链接访问: 
http://127.0.0.1:3030/
[ 2023/7/7 19:49:26 ] [ log ] mongodb load success...
[ 2023/7/7 19:49:26 ] [ log ] -------------------------------------swaggerSyncUtils constructor-----------------------------------------------
[ 2023/7/7 19:49:26 ] [ log ] 服务已启动，请打开下面链接访问: 
http://127.0.0.1:3030/
[ 2023/7/7 19:50:45 ] [ log ] mongodb load success...
[ 2023/7/7 19:50:45 ] [ log ] -------------------------------------swaggerSyncUtils constructor-----------------------------------------------
[ 2023/7/7 19:50:45 ] [ log ] 服务已启动，请打开下面链接访问: 
http://127.0.0.1:3030/
[ 2023/7/7 19:55:21 ] [ log ] mongodb load success...
[ 2023/7/7 19:55:22 ] [ log ] -------------------------------------swaggerSyncUtils constructor-----------------------------------------------
[ 2023/7/7 19:55:22 ] [ log ] 服务已启动，请打开下面链接访问: 
http://127.0.0.1:3030/
[ 2023/7/7 19:55:24 ] [ log ] mongodb load success...
[ 2023/7/7 19:55:24 ] [ log ] -------------------------------------swaggerSyncUtils constructor-----------------------------------------------
[ 2023/7/7 19:55:25 ] [ log ] 服务已启动，请打开下面链接访问: 
http://127.0.0.1:3030/
[ 2023/7/7 19:55:33 ] [ log ] mongodb load success...
[ 2023/7/7 19:55:34 ] [ log ] -------------------------------------swaggerSyncUtils constructor-----------------------------------------------
[ 2023/7/7 19:55:34 ] [ log ] 服务已启动，请打开下面链接访问: 
http://127.0.0.1:3030/
[ 2023/7/7 19:55:45 ] [ log ] mongodb load success...
[ 2023/7/7 19:55:46 ] [ log ] -------------------------------------swaggerSyncUtils constructor-----------------------------------------------
[ 2023/7/7 19:55:46 ] [ log ] 服务已启动，请打开下面链接访问: 
http://127.0.0.1:3030/
[ 2023/7/7 19:55:56 ] [ log ] mongodb load success...
[ 2023/7/7 19:55:56 ] [ log ] -------------------------------------swaggerSyncUtils constructor-----------------------------------------------
[ 2023/7/7 19:55:57 ] [ log ] 服务已启动，请打开下面链接访问: 
http://127.0.0.1:3030/
[ 2023/7/7 21:39:31 ] [ log ] mongodb load success...
[ 2023/7/7 21:42:59 ] [ log ] mongodb load success...
[ 2023/7/7 21:42:59 ] [ log ] -------------------------------------swaggerSyncUtils constructor-----------------------------------------------
[ 2023/7/7 21:42:59 ] [ log ] 服务已启动，请打开下面链接访问: 
http://127.0.0.1:3030/
[ 2023/7/7 22:01:58 ] [ log ] mongodb load success...
[ 2023/7/7 22:01:59 ] [ log ] -------------------------------------swaggerSyncUtils constructor-----------------------------------------------
[ 2023/7/7 22:01:59 ] [ log ] 服务已启动，请打开下面链接访问: 
http://127.0.0.1:3030/
[ 2023/7/7 22:13:22 ] [ log ] mongodb load success...
[ 2023/7/7 22:13:22 ] [ log ] -------------------------------------swaggerSyncUtils constructor-----------------------------------------------
[ 2023/7/7 22:13:22 ] [ log ] 服务已启动，请打开下面链接访问: 
http://127.0.0.1:3030/
[ 2023/7/7 22:16:00 ] [ log ] mongodb load success...
[ 2023/7/7 22:16:01 ] [ log ] -------------------------------------swaggerSyncUtils constructor-----------------------------------------------
[ 2023/7/7 22:16:01 ] [ log ] 服务已启动，请打开下面链接访问: 
http://127.0.0.1:3030/
[ 2023/7/7 22:16:11 ] [ log ] mongodb load success...
[ 2023/7/7 22:16:11 ] [ log ] -------------------------------------swaggerSyncUtils constructor-----------------------------------------------
[ 2023/7/7 22:16:12 ] [ log ] 服务已启动，请打开下面链接访问: 
http://127.0.0.1:3030/
[ 2023/7/8 00:41:40 ] [ log ] mongodb load success...
[ 2023/7/8 00:41:40 ] [ log ] -------------------------------------swaggerSyncUtils constructor-----------------------------------------------
[ 2023/7/8 00:41:40 ] [ log ] 服务已启动，请打开下面链接访问: 
http://127.0.0.1:3030/
[ 2023/7/8 00:51:27 ] [ log ] mongodb load success...
[ 2023/7/8 00:51:27 ] [ log ] -------------------------------------swaggerSyncUtils constructor-----------------------------------------------
[ 2023/7/8 00:51:28 ] [ log ] 服务已启动，请打开下面链接访问: 
http://127.0.0.1:3030/
[ 2023/7/8 00:52:21 ] [ log ] mongodb load success...
[ 2023/7/8 00:52:21 ] [ log ] -------------------------------------swaggerSyncUtils constructor-----------------------------------------------
[ 2023/7/8 00:52:21 ] [ log ] 服务已启动，请打开下面链接访问: 
http://127.0.0.1:3030/
[ 2023/7/8 00:52:41 ] [ log ] mongodb load success...
[ 2023/7/8 00:52:42 ] [ log ] -------------------------------------swaggerSyncUtils constructor-----------------------------------------------
[ 2023/7/8 00:52:42 ] [ log ] 服务已启动，请打开下面链接访问: 
http://127.0.0.1:3030/
[ 2023/7/8 00:52:51 ] [ log ] mongodb load success...
[ 2023/7/8 00:52:51 ] [ log ] -------------------------------------swaggerSyncUtils constructor-----------------------------------------------
[ 2023/7/8 00:52:51 ] [ log ] 服务已启动，请打开下面链接访问: 
http://127.0.0.1:3030/
[ 2023/7/8 00:55:02 ] [ log ] mongodb load success...
[ 2023/7/8 00:55:03 ] [ log ] -------------------------------------swaggerSyncUtils constructor-----------------------------------------------
[ 2023/7/8 00:55:03 ] [ log ] 服务已启动，请打开下面链接访问: 
http://127.0.0.1:3030/
[ 2023/7/8 00:55:54 ] [ log ] mongodb load success...
[ 2023/7/8 00:55:54 ] [ log ] -------------------------------------swaggerSyncUtils constructor-----------------------------------------------
[ 2023/7/8 00:55:54 ] [ log ] 服务已启动，请打开下面链接访问: 
http://127.0.0.1:3030/
[ 2023/7/8 00:57:58 ] [ log ] mongodb load success...
[ 2023/7/8 00:58:00 ] [ log ] mongodb load success...
[ 2023/7/8 00:58:00 ] [ log ] -------------------------------------swaggerSyncUtils constructor-----------------------------------------------
[ 2023/7/8 00:58:00 ] [ log ] 服务已启动，请打开下面链接访问: 
http://127.0.0.1:3030/
[ 2023/7/8 01:05:48 ] [ log ] mongodb load success...
[ 2023/7/8 01:05:48 ] [ log ] -------------------------------------swaggerSyncUtils constructor-----------------------------------------------
[ 2023/7/8 01:05:48 ] [ log ] 服务已启动，请打开下面链接访问: 
http://127.0.0.1:3030/
[ 2023/7/8 01:09:52 ] [ log ] mongodb load success...
[ 2023/7/8 01:09:53 ] [ log ] -------------------------------------swaggerSyncUtils constructor-----------------------------------------------
[ 2023/7/8 01:09:53 ] [ log ] 服务已启动，请打开下面链接访问: 
http://127.0.0.1:3030/
[ 2023/7/8 01:10:53 ] [ log ] mongodb load success...
[ 2023/7/8 01:10:54 ] [ log ] -------------------------------------swaggerSyncUtils constructor-----------------------------------------------
[ 2023/7/8 01:10:54 ] [ log ] 服务已启动，请打开下面链接访问: 
http://127.0.0.1:3030/
[ 2023/7/8 01:11:14 ] [ log ] mongodb load success...
[ 2023/7/8 01:11:14 ] [ log ] -------------------------------------swaggerSyncUtils constructor-----------------------------------------------
[ 2023/7/8 01:11:14 ] [ log ] 服务已启动，请打开下面链接访问: 
http://127.0.0.1:3030/
[ 2023/7/8 01:15:11 ] [ log ] mongodb load success...
[ 2023/7/8 01:15:12 ] [ log ] -------------------------------------swaggerSyncUtils constructor-----------------------------------------------
[ 2023/7/8 01:15:12 ] [ log ] 服务已启动，请打开下面链接访问: 
http://127.0.0.1:3030/
[ 2023/7/8 01:16:14 ] [ log ] mongodb load success...
[ 2023/7/8 01:16:14 ] [ log ] -------------------------------------swaggerSyncUtils constructor-----------------------------------------------
[ 2023/7/8 01:16:15 ] [ log ] 服务已启动，请打开下面链接访问: 
http://127.0.0.1:3030/
[ 2023/7/8 01:16:56 ] [ log ] mongodb load success...
[ 2023/7/8 01:16:56 ] [ log ] -------------------------------------swaggerSyncUtils constructor-----------------------------------------------
[ 2023/7/8 01:16:56 ] [ log ] 服务已启动，请打开下面链接访问: 
http://127.0.0.1:3030/
[ 2023/7/8 01:20:42 ] [ log ] mongodb load success...
[ 2023/7/8 01:21:15 ] [ log ] mongodb load success...
[ 2023/7/8 01:21:20 ] [ log ] mongodb load success...
[ 2023/7/8 01:21:45 ] [ log ] mongodb load success...
[ 2023/7/8 01:22:33 ] [ log ] mongodb load success...
[ 2023/7/8 01:22:51 ] [ log ] mongodb load success...
[ 2023/7/8 01:23:20 ] [ log ] mongodb load success...
[ 2023/7/8 01:23:30 ] [ log ] mongodb load success...
[ 2023/7/8 01:23:51 ] [ log ] mongodb load success...
[ 2023/7/8 01:24:02 ] [ log ] mongodb load success...
[ 2023/7/8 01:24:38 ] [ log ] mongodb load success...
[ 2023/7/8 01:25:04 ] [ log ] mongodb load success...
[ 2023/7/8 01:26:18 ] [ log ] mongodb load success...
[ 2023/7/8 01:26:18 ] [ log ] -------------------------------------swaggerSyncUtils constructor-----------------------------------------------
[ 2023/7/8 01:26:18 ] [ log ] 服务已启动，请打开下面链接访问: 
http://127.0.0.1:3030/
[ 2023/7/8 01:31:34 ] [ log ] mongodb load success...
[ 2023/7/8 01:31:34 ] [ log ] -------------------------------------swaggerSyncUtils constructor-----------------------------------------------
[ 2023/7/8 01:31:34 ] [ log ] 服务已启动，请打开下面链接访问: 
http://127.0.0.1:3030/
[ 2023/7/8 01:31:44 ] [ log ] mongodb load success...
[ 2023/7/8 01:31:44 ] [ log ] -------------------------------------swaggerSyncUtils constructor-----------------------------------------------
[ 2023/7/8 01:31:44 ] [ log ] 服务已启动，请打开下面链接访问: 
http://127.0.0.1:3030/
[ 2023/7/8 01:32:18 ] [ log ] mongodb load success...
[ 2023/7/8 01:32:19 ] [ log ] -------------------------------------swaggerSyncUtils constructor-----------------------------------------------
[ 2023/7/8 01:32:19 ] [ log ] 服务已启动，请打开下面链接访问: 
http://127.0.0.1:3030/
[ 2023/7/8 01:32:51 ] [ log ] mongodb load success...
[ 2023/7/8 01:32:52 ] [ log ] -------------------------------------swaggerSyncUtils constructor-----------------------------------------------
[ 2023/7/8 01:32:52 ] [ log ] 服务已启动，请打开下面链接访问: 
http://127.0.0.1:3030/
[ 2023/7/8 01:32:57 ] [ log ] mongodb load success...
[ 2023/7/8 01:32:57 ] [ log ] -------------------------------------swaggerSyncUtils constructor-----------------------------------------------
[ 2023/7/8 01:32:57 ] [ log ] 服务已启动，请打开下面链接访问: 
http://127.0.0.1:3030/
[ 2023/7/8 01:33:18 ] [ log ] mongodb load success...
[ 2023/7/8 01:33:18 ] [ log ] -------------------------------------swaggerSyncUtils constructor-----------------------------------------------
[ 2023/7/8 01:33:18 ] [ log ] 服务已启动，请打开下面链接访问: 
http://127.0.0.1:3030/
[ 2023/7/8 01:33:27 ] [ log ] mongodb load success...
[ 2023/7/8 01:33:27 ] [ log ] -------------------------------------swaggerSyncUtils constructor-----------------------------------------------
[ 2023/7/8 01:33:27 ] [ log ] 服务已启动，请打开下面链接访问: 
http://127.0.0.1:3030/
[ 2023/7/8 01:33:45 ] [ log ] mongodb load success...
[ 2023/7/8 01:33:46 ] [ log ] -------------------------------------swaggerSyncUtils constructor-----------------------------------------------
[ 2023/7/8 01:33:46 ] [ log ] 服务已启动，请打开下面链接访问: 
http://127.0.0.1:3030/
[ 2023/7/8 11:46:36 ] [ log ] mongodb load success...
[ 2023/7/8 11:46:37 ] [ log ] -------------------------------------swaggerSyncUtils constructor-----------------------------------------------
[ 2023/7/8 11:46:37 ] [ log ] 服务已启动，请打开下面链接访问: 
http://127.0.0.1:3030/
[ 2023/7/8 11:49:58 ] [ log ] mongodb load success...
[ 2023/7/8 11:49:59 ] [ log ] -------------------------------------swaggerSyncUtils constructor-----------------------------------------------
[ 2023/7/8 11:49:59 ] [ log ] 服务已启动，请打开下面链接访问: 
http://127.0.0.1:3030/
[ 2023/7/8 11:51:27 ] [ log ] mongodb load success...
[ 2023/7/8 11:51:27 ] [ log ] -------------------------------------swaggerSyncUtils constructor-----------------------------------------------
[ 2023/7/8 11:51:27 ] [ log ] 服务已启动，请打开下面链接访问: 
http://127.0.0.1:3030/
[ 2023/7/8 11:51:47 ] [ log ] mongodb load success...
[ 2023/7/8 11:51:47 ] [ log ] -------------------------------------swaggerSyncUtils constructor-----------------------------------------------
[ 2023/7/8 11:51:47 ] [ log ] 服务已启动，请打开下面链接访问: 
http://127.0.0.1:3030/
[ 2023/7/8 11:53:56 ] [ log ] mongodb load success...
[ 2023/7/8 11:53:56 ] [ log ] -------------------------------------swaggerSyncUtils constructor-----------------------------------------------
[ 2023/7/8 11:54:05 ] [ log ] mongodb load success...
[ 2023/7/8 11:54:05 ] [ log ] -------------------------------------swaggerSyncUtils constructor-----------------------------------------------
[ 2023/7/8 11:54:05 ] [ log ] 服务已启动，请打开下面链接访问: 
http://127.0.0.1:3030/
[ 2023/7/8 11:54:08 ] [ log ] mongodb load success...
[ 2023/7/8 11:54:09 ] [ log ] -------------------------------------swaggerSyncUtils constructor-----------------------------------------------
[ 2023/7/8 11:54:09 ] [ log ] 服务已启动，请打开下面链接访问: 
http://127.0.0.1:3030/
[ 2023/7/8 11:54:53 ] [ log ] mongodb load success...
[ 2023/7/8 11:54:53 ] [ log ] -------------------------------------swaggerSyncUtils constructor-----------------------------------------------
[ 2023/7/8 11:54:54 ] [ log ] 服务已启动，请打开下面链接访问: 
http://127.0.0.1:3030/
[ 2023/7/8 11:55:06 ] [ log ] mongodb load success...
[ 2023/7/8 11:55:06 ] [ log ] -------------------------------------swaggerSyncUtils constructor-----------------------------------------------
[ 2023/7/8 11:55:07 ] [ log ] 服务已启动，请打开下面链接访问: 
http://127.0.0.1:3030/
[ 2023/7/8 11:55:10 ] [ log ] mongodb load success...
[ 2023/7/8 11:55:10 ] [ log ] -------------------------------------swaggerSyncUtils constructor-----------------------------------------------
[ 2023/7/8 11:55:10 ] [ log ] 服务已启动，请打开下面链接访问: 
http://127.0.0.1:3030/
[ 2023/7/8 11:57:07 ] [ log ] mongodb load success...
[ 2023/7/8 11:57:08 ] [ log ] -------------------------------------swaggerSyncUtils constructor-----------------------------------------------
[ 2023/7/8 11:57:08 ] [ log ] 服务已启动，请打开下面链接访问: 
http://127.0.0.1:3030/
[ 2023/7/8 11:58:23 ] [ log ] mongodb load success...
[ 2023/7/8 11:58:24 ] [ log ] -------------------------------------swaggerSyncUtils constructor-----------------------------------------------
[ 2023/7/8 11:58:24 ] [ log ] 服务已启动，请打开下面链接访问: 
http://127.0.0.1:3030/
[ 2023/7/8 12:01:34 ] [ log ] mongodb load success...
[ 2023/7/8 12:01:35 ] [ log ] -------------------------------------swaggerSyncUtils constructor-----------------------------------------------
[ 2023/7/8 12:01:35 ] [ log ] 服务已启动，请打开下面链接访问: 
http://127.0.0.1:3030/
[ 2023/7/8 12:03:31 ] [ log ] mongodb load success...
[ 2023/7/8 12:03:32 ] [ log ] -------------------------------------swaggerSyncUtils constructor-----------------------------------------------
[ 2023/7/8 12:03:32 ] [ log ] 服务已启动，请打开下面链接访问: 
http://127.0.0.1:3030/
[ 2023/7/8 12:03:33 ] [ log ] mongodb load success...
[ 2023/7/8 12:03:34 ] [ log ] -------------------------------------swaggerSyncUtils constructor-----------------------------------------------
[ 2023/7/8 12:03:34 ] [ log ] 服务已启动，请打开下面链接访问: 
http://127.0.0.1:3030/
[ 2023/7/8 12:03:36 ] [ log ] mongodb load success...
[ 2023/7/8 12:03:36 ] [ log ] -------------------------------------swaggerSyncUtils constructor-----------------------------------------------
[ 2023/7/8 12:03:36 ] [ log ] 服务已启动，请打开下面链接访问: 
http://127.0.0.1:3030/
[ 2023/7/8 12:03:50 ] [ log ] mongodb load success...
[ 2023/7/8 12:03:51 ] [ log ] -------------------------------------swaggerSyncUtils constructor-----------------------------------------------
[ 2023/7/8 12:03:51 ] [ log ] 服务已启动，请打开下面链接访问: 
http://127.0.0.1:3030/
[ 2023/7/8 12:05:29 ] [ log ] mongodb load success...
[ 2023/7/8 12:05:29 ] [ log ] -------------------------------------swaggerSyncUtils constructor-----------------------------------------------
[ 2023/7/8 12:05:29 ] [ log ] 服务已启动，请打开下面链接访问: 
http://127.0.0.1:3030/
[ 2023/7/8 12:05:59 ] [ log ] mongodb load success...
[ 2023/7/8 12:05:59 ] [ log ] -------------------------------------swaggerSyncUtils constructor-----------------------------------------------
[ 2023/7/8 12:05:59 ] [ log ] 服务已启动，请打开下面链接访问: 
http://127.0.0.1:3030/
[ 2023/7/8 12:06:29 ] [ log ] mongodb load success...
[ 2023/7/8 12:06:30 ] [ log ] -------------------------------------swaggerSyncUtils constructor-----------------------------------------------
[ 2023/7/8 12:06:30 ] [ log ] 服务已启动，请打开下面链接访问: 
http://127.0.0.1:3030/
[ 2023/7/8 12:06:33 ] [ log ] mongodb load success...
[ 2023/7/8 12:06:33 ] [ log ] -------------------------------------swaggerSyncUtils constructor-----------------------------------------------
[ 2023/7/8 12:06:34 ] [ log ] 服务已启动，请打开下面链接访问: 
http://127.0.0.1:3030/
[ 2023/7/8 12:06:40 ] [ log ] mongodb load success...
[ 2023/7/8 12:06:41 ] [ log ] -------------------------------------swaggerSyncUtils constructor-----------------------------------------------
[ 2023/7/8 12:06:41 ] [ log ] 服务已启动，请打开下面链接访问: 
http://127.0.0.1:3030/
[ 2023/7/8 12:09:32 ] [ log ] mongodb load success...
[ 2023/7/8 12:09:32 ] [ log ] -------------------------------------swaggerSyncUtils constructor-----------------------------------------------
[ 2023/7/8 12:09:32 ] [ log ] 服务已启动，请打开下面链接访问: 
http://127.0.0.1:3030/
[ 2023/7/8 12:09:35 ] [ log ] mongodb load success...
[ 2023/7/8 12:09:35 ] [ log ] -------------------------------------swaggerSyncUtils constructor-----------------------------------------------
[ 2023/7/8 12:09:35 ] [ log ] 服务已启动，请打开下面链接访问: 
http://127.0.0.1:3030/
[ 2023/7/8 12:09:40 ] [ log ] mongodb load success...
[ 2023/7/8 12:09:40 ] [ log ] -------------------------------------swaggerSyncUtils constructor-----------------------------------------------
[ 2023/7/8 12:09:40 ] [ log ] 服务已启动，请打开下面链接访问: 
http://127.0.0.1:3030/
[ 2023/7/8 12:38:20 ] [ log ] mongodb load success...
[ 2023/7/8 12:38:20 ] [ log ] -------------------------------------swaggerSyncUtils constructor-----------------------------------------------
[ 2023/7/8 12:38:20 ] [ log ] 服务已启动，请打开下面链接访问: 
http://127.0.0.1:3030/
[ 2023/7/8 12:39:02 ] [ log ] mongodb load success...
[ 2023/7/8 12:39:03 ] [ log ] -------------------------------------swaggerSyncUtils constructor-----------------------------------------------
[ 2023/7/8 12:39:03 ] [ log ] 服务已启动，请打开下面链接访问: 
http://127.0.0.1:3030/
[ 2023/7/8 12:39:13 ] [ log ] mongodb load success...
[ 2023/7/8 12:39:13 ] [ log ] -------------------------------------swaggerSyncUtils constructor-----------------------------------------------
[ 2023/7/8 12:39:13 ] [ log ] 服务已启动，请打开下面链接访问: 
http://127.0.0.1:3030/
[ 2023/7/8 12:39:16 ] [ log ] mongodb load success...
[ 2023/7/8 12:39:16 ] [ log ] -------------------------------------swaggerSyncUtils constructor-----------------------------------------------
[ 2023/7/8 12:39:17 ] [ log ] 服务已启动，请打开下面链接访问: 
http://127.0.0.1:3030/
[ 2023/7/8 12:40:53 ] [ log ] mongodb load success...
[ 2023/7/8 12:40:53 ] [ log ] -------------------------------------swaggerSyncUtils constructor-----------------------------------------------
[ 2023/7/8 12:41:00 ] [ log ] mongodb load success...
[ 2023/7/8 12:41:00 ] [ log ] -------------------------------------swaggerSyncUtils constructor-----------------------------------------------
[ 2023/7/8 12:43:22 ] [ log ] mongodb load success...
[ 2023/7/8 12:43:22 ] [ log ] -------------------------------------swaggerSyncUtils constructor-----------------------------------------------
[ 2023/7/8 12:43:50 ] [ log ] mongodb load success...
[ 2023/7/8 12:43:50 ] [ log ] -------------------------------------swaggerSyncUtils constructor-----------------------------------------------
[ 2023/7/8 12:44:30 ] [ log ] mongodb load success...
[ 2023/7/8 12:44:30 ] [ log ] -------------------------------------swaggerSyncUtils constructor-----------------------------------------------
[ 2023/7/8 12:45:00 ] [ log ] mongodb load success...
[ 2023/7/8 12:45:00 ] [ log ] -------------------------------------swaggerSyncUtils constructor-----------------------------------------------
[ 2023/7/8 12:45:50 ] [ log ] mongodb load success...
[ 2023/7/8 12:45:50 ] [ log ] -------------------------------------swaggerSyncUtils constructor-----------------------------------------------
[ 2023/7/8 12:46:11 ] [ log ] mongodb load success...
[ 2023/7/8 12:46:11 ] [ log ] -------------------------------------swaggerSyncUtils constructor-----------------------------------------------
[ 2023/7/8 12:46:46 ] [ log ] mongodb load success...
[ 2023/7/8 12:46:46 ] [ log ] -------------------------------------swaggerSyncUtils constructor-----------------------------------------------
[ 2023/7/8 12:47:04 ] [ log ] mongodb load success...
[ 2023/7/8 12:47:05 ] [ log ] -------------------------------------swaggerSyncUtils constructor-----------------------------------------------
[ 2023/7/8 12:47:16 ] [ log ] mongodb load success...
[ 2023/7/8 12:47:16 ] [ log ] -------------------------------------swaggerSyncUtils constructor-----------------------------------------------
[ 2023/7/8 12:47:23 ] [ log ] mongodb load success...
[ 2023/7/8 12:47:24 ] [ log ] -------------------------------------swaggerSyncUtils constructor-----------------------------------------------
[ 2023/7/8 12:47:24 ] [ log ] 服务已启动，请打开下面链接访问: 
http://127.0.0.1:3030/
[ 2023/7/8 12:47:51 ] [ log ] mongodb load success...
[ 2023/7/8 12:47:51 ] [ log ] -------------------------------------swaggerSyncUtils constructor-----------------------------------------------
[ 2023/7/8 12:47:51 ] [ log ] 服务已启动，请打开下面链接访问: 
http://127.0.0.1:3030/
[ 2023/7/8 12:55:35 ] [ log ] mongodb load success...
[ 2023/7/8 12:55:35 ] [ log ] -------------------------------------swaggerSyncUtils constructor-----------------------------------------------
[ 2023/7/8 12:55:36 ] [ log ] 服务已启动，请打开下面链接访问: 
http://127.0.0.1:3030/
[ 2023/7/8 12:58:48 ] [ log ] mongodb load success...
[ 2023/7/8 12:58:48 ] [ log ] -------------------------------------swaggerSyncUtils constructor-----------------------------------------------
[ 2023/7/8 12:58:49 ] [ log ] 服务已启动，请打开下面链接访问: 
http://127.0.0.1:3030/
[ 2023/7/8 12:59:20 ] [ log ] mongodb load success...
[ 2023/7/8 12:59:20 ] [ log ] -------------------------------------swaggerSyncUtils constructor-----------------------------------------------
[ 2023/7/8 12:59:20 ] [ log ] 服务已启动，请打开下面链接访问: 
http://127.0.0.1:3030/
[ 2023/7/8 13:00:00 ] [ log ] mongodb load success...
[ 2023/7/8 13:00:00 ] [ log ] -------------------------------------swaggerSyncUtils constructor-----------------------------------------------
[ 2023/7/8 13:00:00 ] [ log ] 服务已启动，请打开下面链接访问: 
http://127.0.0.1:3030/
[ 2023/7/8 13:00:19 ] [ log ] mongodb load success...
[ 2023/7/8 13:00:20 ] [ log ] -------------------------------------swaggerSyncUtils constructor-----------------------------------------------
[ 2023/7/8 13:00:20 ] [ log ] 服务已启动，请打开下面链接访问: 
http://127.0.0.1:3030/
[ 2023/7/8 13:04:02 ] [ log ] mongodb load success...
[ 2023/7/8 13:04:02 ] [ log ] -------------------------------------swaggerSyncUtils constructor-----------------------------------------------
[ 2023/7/8 13:04:02 ] [ log ] 服务已启动，请打开下面链接访问: 
http://127.0.0.1:3030/
[ 2023/7/8 13:05:33 ] [ log ] mongodb load success...
[ 2023/7/8 13:05:33 ] [ log ] -------------------------------------swaggerSyncUtils constructor-----------------------------------------------
[ 2023/7/8 13:05:33 ] [ log ] 服务已启动，请打开下面链接访问: 
http://127.0.0.1:3030/
[ 2023/7/8 13:07:26 ] [ log ] mongodb load success...
[ 2023/7/8 13:07:26 ] [ log ] -------------------------------------swaggerSyncUtils constructor-----------------------------------------------
[ 2023/7/8 13:07:26 ] [ log ] 服务已启动，请打开下面链接访问: 
http://127.0.0.1:3030/
[ 2023/7/8 13:09:45 ] [ log ] mongodb load success...
[ 2023/7/8 13:09:45 ] [ log ] -------------------------------------swaggerSyncUtils constructor-----------------------------------------------
[ 2023/7/8 13:09:45 ] [ log ] 服务已启动，请打开下面链接访问: 
http://127.0.0.1:3030/
[ 2023/7/8 13:10:27 ] [ log ] mongodb load success...
[ 2023/7/8 13:10:27 ] [ log ] -------------------------------------swaggerSyncUtils constructor-----------------------------------------------
[ 2023/7/8 13:10:27 ] [ log ] 服务已启动，请打开下面链接访问: 
http://127.0.0.1:3030/
[ 2023/7/8 13:10:38 ] [ log ] mongodb load success...
[ 2023/7/8 13:10:38 ] [ log ] -------------------------------------swaggerSyncUtils constructor-----------------------------------------------
[ 2023/7/8 13:10:38 ] [ log ] 服务已启动，请打开下面链接访问: 
http://127.0.0.1:3030/
[ 2023/7/8 13:10:41 ] [ log ] mongodb load success...
[ 2023/7/8 13:10:42 ] [ log ] -------------------------------------swaggerSyncUtils constructor-----------------------------------------------
[ 2023/7/8 13:10:42 ] [ log ] 服务已启动，请打开下面链接访问: 
http://127.0.0.1:3030/
[ 2023/7/8 13:11:36 ] [ log ] mongodb load success...
[ 2023/7/8 13:11:37 ] [ log ] -------------------------------------swaggerSyncUtils constructor-----------------------------------------------
[ 2023/7/8 13:11:54 ] [ log ] 服务已启动，请打开下面链接访问: 
http://127.0.0.1:3030/
[ 2023/7/8 13:12:41 ] [ log ] mongodb load success...
[ 2023/7/8 13:12:41 ] [ log ] -------------------------------------swaggerSyncUtils constructor-----------------------------------------------
[ 2023/7/8 13:12:43 ] [ log ] mongodb load success...
[ 2023/7/8 13:12:43 ] [ log ] -------------------------------------swaggerSyncUtils constructor-----------------------------------------------
[ 2023/7/8 13:12:48 ] [ log ] mongodb load success...
[ 2023/7/8 13:12:49 ] [ log ] -------------------------------------swaggerSyncUtils constructor-----------------------------------------------
[ 2023/7/8 13:12:49 ] [ log ] 服务已启动，请打开下面链接访问: 
http://127.0.0.1:3030/
[ 2023/7/8 13:13:51 ] [ log ] mongodb load success...
[ 2023/7/8 13:13:51 ] [ log ] -------------------------------------swaggerSyncUtils constructor-----------------------------------------------
[ 2023/7/8 13:13:52 ] [ log ] 服务已启动，请打开下面链接访问: 
http://127.0.0.1:3030/
[ 2023/7/8 13:14:43 ] [ log ] mongodb load success...
[ 2023/7/8 13:14:43 ] [ log ] -------------------------------------swaggerSyncUtils constructor-----------------------------------------------
[ 2023/7/8 13:14:44 ] [ log ] 服务已启动，请打开下面链接访问: 
http://127.0.0.1:3030/
[ 2023/7/8 14:13:42 ] [ log ] mongodb load success...
[ 2023/7/8 14:13:43 ] [ log ] -------------------------------------swaggerSyncUtils constructor-----------------------------------------------
[ 2023/7/8 14:13:43 ] [ log ] 服务已启动，请打开下面链接访问: 
http://127.0.0.1:3030/
[ 2023/7/8 14:14:13 ] [ log ] mongodb load success...
[ 2023/7/8 14:14:13 ] [ log ] -------------------------------------swaggerSyncUtils constructor-----------------------------------------------
[ 2023/7/8 14:14:13 ] [ log ] 服务已启动，请打开下面链接访问: 
http://127.0.0.1:3030/
[ 2023/7/8 14:16:57 ] [ log ] mongodb load success...
[ 2023/7/8 14:16:58 ] [ log ] -------------------------------------swaggerSyncUtils constructor-----------------------------------------------
[ 2023/7/8 14:16:58 ] [ log ] 服务已启动，请打开下面链接访问: 
http://127.0.0.1:3030/
[ 2023/7/8 14:18:55 ] [ log ] mongodb load success...
[ 2023/7/8 14:18:55 ] [ log ] -------------------------------------swaggerSyncUtils constructor-----------------------------------------------
[ 2023/7/8 14:18:56 ] [ log ] 服务已启动，请打开下面链接访问: 
http://127.0.0.1:3030/
[ 2023/7/8 14:19:05 ] [ log ] mongodb load success...
[ 2023/7/8 14:19:06 ] [ log ] -------------------------------------swaggerSyncUtils constructor-----------------------------------------------
[ 2023/7/8 14:19:06 ] [ log ] 服务已启动，请打开下面链接访问: 
http://127.0.0.1:3030/
[ 2023/7/8 14:19:19 ] [ log ] mongodb load success...
[ 2023/7/8 14:19:19 ] [ log ] -------------------------------------swaggerSyncUtils constructor-----------------------------------------------
[ 2023/7/8 14:19:19 ] [ log ] 服务已启动，请打开下面链接访问: 
http://127.0.0.1:3030/
[ 2023/7/8 14:20:36 ] [ log ] mongodb load success...
[ 2023/7/8 14:20:36 ] [ log ] -------------------------------------swaggerSyncUtils constructor-----------------------------------------------
[ 2023/7/8 14:20:36 ] [ log ] 服务已启动，请打开下面链接访问: 
http://127.0.0.1:3030/
[ 2023/7/8 14:24:39 ] [ log ] mongodb load success...
[ 2023/7/8 14:24:39 ] [ log ] -------------------------------------swaggerSyncUtils constructor-----------------------------------------------
[ 2023/7/8 14:24:39 ] [ log ] 服务已启动，请打开下面链接访问: 
http://127.0.0.1:3030/
[ 2023/7/8 14:25:16 ] [ log ] mongodb load success...
[ 2023/7/8 14:25:16 ] [ log ] -------------------------------------swaggerSyncUtils constructor-----------------------------------------------
[ 2023/7/8 14:25:16 ] [ log ] 服务已启动，请打开下面链接访问: 
http://127.0.0.1:3030/
[ 2023/7/8 14:26:20 ] [ log ] mongodb load success...
[ 2023/7/8 14:26:21 ] [ log ] -------------------------------------swaggerSyncUtils constructor-----------------------------------------------
[ 2023/7/8 14:26:21 ] [ log ] 服务已启动，请打开下面链接访问: 
http://127.0.0.1:3030/
[ 2023/7/8 14:26:24 ] [ log ] mongodb load success...
[ 2023/7/8 14:26:24 ] [ log ] -------------------------------------swaggerSyncUtils constructor-----------------------------------------------
[ 2023/7/8 14:26:24 ] [ log ] 服务已启动，请打开下面链接访问: 
http://127.0.0.1:3030/
[ 2023/7/8 14:26:43 ] [ log ] mongodb load success...
[ 2023/7/8 14:26:44 ] [ log ] -------------------------------------swaggerSyncUtils constructor-----------------------------------------------
[ 2023/7/8 14:26:44 ] [ log ] 服务已启动，请打开下面链接访问: 
http://127.0.0.1:3030/
[ 2023/7/8 14:27:01 ] [ log ] mongodb load success...
[ 2023/7/8 14:27:01 ] [ log ] -------------------------------------swaggerSyncUtils constructor-----------------------------------------------
[ 2023/7/8 14:27:01 ] [ log ] 服务已启动，请打开下面链接访问: 
http://127.0.0.1:3030/
[ 2023/7/8 14:31:22 ] [ log ] mongodb load success...
[ 2023/7/8 14:31:22 ] [ log ] -------------------------------------swaggerSyncUtils constructor-----------------------------------------------
[ 2023/7/8 14:31:22 ] [ log ] 服务已启动，请打开下面链接访问: 
http://127.0.0.1:3030/
[ 2023/7/8 14:31:51 ] [ log ] mongodb load success...
[ 2023/7/8 14:31:51 ] [ log ] -------------------------------------swaggerSyncUtils constructor-----------------------------------------------
[ 2023/7/8 14:31:51 ] [ log ] 服务已启动，请打开下面链接访问: 
http://127.0.0.1:3030/
[ 2023/7/8 14:31:56 ] [ log ] mongodb load success...
[ 2023/7/8 14:31:56 ] [ log ] -------------------------------------swaggerSyncUtils constructor-----------------------------------------------
[ 2023/7/8 14:31:56 ] [ log ] 服务已启动，请打开下面链接访问: 
http://127.0.0.1:3030/
[ 2023/7/8 14:32:04 ] [ log ] mongodb load success...
[ 2023/7/8 14:32:05 ] [ log ] -------------------------------------swaggerSyncUtils constructor-----------------------------------------------
[ 2023/7/8 14:32:05 ] [ log ] 服务已启动，请打开下面链接访问: 
http://127.0.0.1:3030/
[ 2023/7/8 14:33:52 ] [ log ] mongodb load success...
[ 2023/7/8 14:33:52 ] [ log ] -------------------------------------swaggerSyncUtils constructor-----------------------------------------------
[ 2023/7/8 14:33:52 ] [ log ] 服务已启动，请打开下面链接访问: 
http://127.0.0.1:3030/
[ 2023/7/8 14:35:25 ] [ log ] mongodb load success...
[ 2023/7/8 14:35:26 ] [ log ] -------------------------------------swaggerSyncUtils constructor-----------------------------------------------
[ 2023/7/8 14:35:26 ] [ log ] 服务已启动，请打开下面链接访问: 
http://127.0.0.1:3030/
[ 2023/7/8 14:36:28 ] [ log ] mongodb load success...
[ 2023/7/8 14:36:29 ] [ log ] -------------------------------------swaggerSyncUtils constructor-----------------------------------------------
[ 2023/7/8 14:36:29 ] [ log ] 服务已启动，请打开下面链接访问: 
http://127.0.0.1:3030/
[ 2023/7/8 14:41:59 ] [ log ] mongodb load success...
[ 2023/7/8 14:41:59 ] [ log ] -------------------------------------swaggerSyncUtils constructor-----------------------------------------------
[ 2023/7/8 14:41:59 ] [ log ] 服务已启动，请打开下面链接访问: 
http://127.0.0.1:3030/
[ 2023/7/8 14:49:07 ] [ log ] mongodb load success...
[ 2023/7/8 14:49:08 ] [ log ] -------------------------------------swaggerSyncUtils constructor-----------------------------------------------
[ 2023/7/8 14:49:08 ] [ log ] 服务已启动，请打开下面链接访问: 
http://127.0.0.1:3030/
[ 2023/7/8 14:52:10 ] [ log ] mongodb load success...
[ 2023/7/8 14:52:10 ] [ log ] -------------------------------------swaggerSyncUtils constructor-----------------------------------------------
[ 2023/7/8 14:52:10 ] [ log ] 服务已启动，请打开下面链接访问: 
http://127.0.0.1:3030/
[ 2023/7/8 14:52:28 ] [ log ] mongodb load success...
[ 2023/7/8 14:52:28 ] [ log ] -------------------------------------swaggerSyncUtils constructor-----------------------------------------------
[ 2023/7/8 14:52:28 ] [ log ] 服务已启动，请打开下面链接访问: 
http://127.0.0.1:3030/
[ 2023/7/8 14:52:39 ] [ log ] mongodb load success...
[ 2023/7/8 14:52:39 ] [ log ] -------------------------------------swaggerSyncUtils constructor-----------------------------------------------
[ 2023/7/8 14:52:39 ] [ log ] 服务已启动，请打开下面链接访问: 
http://127.0.0.1:3030/
[ 2023/7/8 14:53:17 ] [ log ] mongodb load success...
[ 2023/7/8 14:53:18 ] [ log ] -------------------------------------swaggerSyncUtils constructor-----------------------------------------------
[ 2023/7/8 14:53:18 ] [ log ] 服务已启动，请打开下面链接访问: 
http://127.0.0.1:3030/
[ 2023/7/8 14:53:29 ] [ log ] mongodb load success...
[ 2023/7/8 14:53:30 ] [ log ] -------------------------------------swaggerSyncUtils constructor-----------------------------------------------
[ 2023/7/8 14:53:30 ] [ log ] 服务已启动，请打开下面链接访问: 
http://127.0.0.1:3030/
[ 2023/7/8 14:54:43 ] [ log ] mongodb load success...
[ 2023/7/8 14:54:43 ] [ log ] -------------------------------------swaggerSyncUtils constructor-----------------------------------------------
[ 2023/7/8 14:54:43 ] [ log ] 服务已启动，请打开下面链接访问: 
http://127.0.0.1:3030/
[ 2023/7/8 14:54:53 ] [ log ] mongodb load success...
[ 2023/7/8 14:54:53 ] [ log ] -------------------------------------swaggerSyncUtils constructor-----------------------------------------------
[ 2023/7/8 14:54:53 ] [ log ] 服务已启动，请打开下面链接访问: 
http://127.0.0.1:3030/
[ 2023/7/8 14:54:54 ] [ log ] mongodb load success...
[ 2023/7/8 14:54:55 ] [ log ] -------------------------------------swaggerSyncUtils constructor-----------------------------------------------
[ 2023/7/8 14:54:55 ] [ log ] 服务已启动，请打开下面链接访问: 
http://127.0.0.1:3030/
[ 2023/7/8 14:55:06 ] [ log ] mongodb load success...
[ 2023/7/8 14:55:06 ] [ log ] -------------------------------------swaggerSyncUtils constructor-----------------------------------------------
[ 2023/7/8 14:55:06 ] [ log ] 服务已启动，请打开下面链接访问: 
http://127.0.0.1:3030/
[ 2023/7/8 14:55:34 ] [ log ] mongodb load success...
[ 2023/7/8 14:55:34 ] [ log ] -------------------------------------swaggerSyncUtils constructor-----------------------------------------------
[ 2023/7/8 14:55:34 ] [ log ] 服务已启动，请打开下面链接访问: 
http://127.0.0.1:3030/
[ 2023/7/8 14:56:02 ] [ log ] mongodb load success...
[ 2023/7/8 14:56:03 ] [ log ] -------------------------------------swaggerSyncUtils constructor-----------------------------------------------
[ 2023/7/8 14:56:03 ] [ log ] 服务已启动，请打开下面链接访问: 
http://127.0.0.1:3030/
[ 2023/7/8 14:56:18 ] [ log ] mongodb load success...
[ 2023/7/8 14:56:19 ] [ log ] -------------------------------------swaggerSyncUtils constructor-----------------------------------------------
[ 2023/7/8 14:56:19 ] [ log ] 服务已启动，请打开下面链接访问: 
http://127.0.0.1:3030/
[ 2023/7/8 14:57:01 ] [ log ] mongodb load success...
[ 2023/7/8 14:57:01 ] [ log ] -------------------------------------swaggerSyncUtils constructor-----------------------------------------------
[ 2023/7/8 14:57:01 ] [ log ] 服务已启动，请打开下面链接访问: 
http://127.0.0.1:3030/
[ 2023/7/8 14:57:16 ] [ log ] mongodb load success...
[ 2023/7/8 14:57:16 ] [ log ] -------------------------------------swaggerSyncUtils constructor-----------------------------------------------
[ 2023/7/8 14:57:16 ] [ log ] 服务已启动，请打开下面链接访问: 
http://127.0.0.1:3030/
[ 2023/7/8 14:57:21 ] [ log ] mongodb load success...
[ 2023/7/8 14:57:21 ] [ log ] -------------------------------------swaggerSyncUtils constructor-----------------------------------------------
[ 2023/7/8 14:57:21 ] [ log ] 服务已启动，请打开下面链接访问: 
http://127.0.0.1:3030/
[ 2023/7/8 14:58:54 ] [ log ] mongodb load success...
[ 2023/7/8 14:58:54 ] [ log ] -------------------------------------swaggerSyncUtils constructor-----------------------------------------------
[ 2023/7/8 14:58:54 ] [ log ] 服务已启动，请打开下面链接访问: 
http://127.0.0.1:3030/
[ 2023/7/8 15:04:02 ] [ log ] mongodb load success...
[ 2023/7/8 15:04:03 ] [ log ] -------------------------------------swaggerSyncUtils constructor-----------------------------------------------
[ 2023/7/8 15:04:03 ] [ log ] 服务已启动，请打开下面链接访问: 
http://127.0.0.1:3030/
[ 2023/7/8 15:06:18 ] [ log ] mongodb load success...
[ 2023/7/8 15:06:19 ] [ log ] -------------------------------------swaggerSyncUtils constructor-----------------------------------------------
[ 2023/7/8 15:06:19 ] [ log ] 服务已启动，请打开下面链接访问: 
http://127.0.0.1:3030/
[ 2023/7/8 15:06:59 ] [ log ] mongodb load success...
[ 2023/7/8 15:07:00 ] [ log ] -------------------------------------swaggerSyncUtils constructor-----------------------------------------------
[ 2023/7/8 15:07:00 ] [ log ] 服务已启动，请打开下面链接访问: 
http://127.0.0.1:3030/
[ 2023/7/8 15:13:27 ] [ log ] mongodb load success...
[ 2023/7/8 15:13:27 ] [ log ] -------------------------------------swaggerSyncUtils constructor-----------------------------------------------
[ 2023/7/8 15:13:27 ] [ log ] 服务已启动，请打开下面链接访问: 
http://127.0.0.1:3030/
[ 2023/7/8 15:13:29 ] [ error ] Cannot read properties of undefined (reading 'collection')
[ 2023/7/8 15:13:29 ] [ error ] Cannot overwrite `statis_mock` model once compiled.
[ 2023/7/8 15:13:29 ] [ error ] Cannot overwrite `statis_mock` model once compiled.
[ 2023/7/8 15:13:29 ] [ error ] Cannot overwrite `statis_mock` model once compiled.
[ 2023/7/8 15:13:57 ] [ error ] Cannot overwrite `statis_mock` model once compiled.
[ 2023/7/8 15:13:57 ] [ error ] Cannot overwrite `statis_mock` model once compiled.
[ 2023/7/8 15:13:57 ] [ error ] Cannot overwrite `statis_mock` model once compiled.
[ 2023/7/8 15:13:58 ] [ error ] Cannot overwrite `statis_mock` model once compiled.
[ 2023/7/8 15:16:40 ] [ log ] mongodb load success...
[ 2023/7/8 15:16:40 ] [ log ] -------------------------------------swaggerSyncUtils constructor-----------------------------------------------
[ 2023/7/8 15:16:40 ] [ log ] 服务已启动，请打开下面链接访问: 
http://127.0.0.1:3030/
[ 2023/7/8 15:17:22 ] [ log ] mongodb load success...
[ 2023/7/8 15:17:22 ] [ log ] -------------------------------------swaggerSyncUtils constructor-----------------------------------------------
[ 2023/7/8 15:17:22 ] [ log ] 服务已启动，请打开下面链接访问: 
http://127.0.0.1:3030/
[ 2023/7/8 15:17:44 ] [ log ] mongodb load success...
[ 2023/7/8 15:17:44 ] [ log ] -------------------------------------swaggerSyncUtils constructor-----------------------------------------------
[ 2023/7/8 15:17:44 ] [ log ] 服务已启动，请打开下面链接访问: 
http://127.0.0.1:3030/
[ 2023/7/8 15:51:12 ] [ log ] mongodb load success...
[ 2023/7/8 15:51:12 ] [ log ] -------------------------------------swaggerSyncUtils constructor-----------------------------------------------
[ 2023/7/8 15:51:12 ] [ log ] 服务已启动，请打开下面链接访问: 
http://127.0.0.1:3030/
[ 2023/7/8 15:55:12 ] [ log ] mongodb load success...
[ 2023/7/8 15:55:12 ] [ log ] -------------------------------------swaggerSyncUtils constructor-----------------------------------------------
[ 2023/7/8 15:55:12 ] [ log ] 服务已启动，请打开下面链接访问: 
http://127.0.0.1:3030/
[ 2023/7/8 18:06:57 ] [ log ] mongodb load success...
[ 2023/7/8 18:06:58 ] [ log ] -------------------------------------swaggerSyncUtils constructor-----------------------------------------------
[ 2023/7/8 18:06:58 ] [ log ] 服务已启动，请打开下面链接访问: 
http://127.0.0.1:3030/
[ 2023/7/8 18:28:24 ] [ log ] mongodb load success...
[ 2023/7/8 18:28:34 ] [ log ] mongodb load success...
[ 2023/7/8 18:28:35 ] [ log ] -------------------------------------swaggerSyncUtils constructor-----------------------------------------------
[ 2023/7/8 18:28:35 ] [ log ] 服务已启动，请打开下面链接访问: 
http://127.0.0.1:3030/
[ 2023/7/8 20:11:34 ] [ log ] mongodb load success...
[ 2023/7/8 20:11:34 ] [ log ] -------------------------------------swaggerSyncUtils constructor-----------------------------------------------
[ 2023/7/8 20:11:35 ] [ log ] 服务已启动，请打开下面链接访问: 
http://127.0.0.1:3030/
[ 2023/7/8 20:11:48 ] [ log ] mongodb load success...
[ 2023/7/8 20:11:49 ] [ log ] -------------------------------------swaggerSyncUtils constructor-----------------------------------------------
[ 2023/7/8 20:11:49 ] [ log ] 服务已启动，请打开下面链接访问: 
http://127.0.0.1:3030/
[ 2023/7/8 20:12:03 ] [ log ] mongodb load success...
[ 2023/7/8 20:12:03 ] [ log ] -------------------------------------swaggerSyncUtils constructor-----------------------------------------------
[ 2023/7/8 20:12:04 ] [ log ] 服务已启动，请打开下面链接访问: 
http://127.0.0.1:3030/
[ 2023/7/8 23:54:28 ] [ log ] mongodb load success...
[ 2023/7/8 23:54:29 ] [ log ] -------------------------------------swaggerSyncUtils constructor-----------------------------------------------
[ 2023/7/8 23:54:29 ] [ log ] 服务已启动，请打开下面链接访问: 
http://127.0.0.1:3030/
[ 2023/7/8 23:55:19 ] [ log ] mongodb load success...
[ 2023/7/8 23:55:19 ] [ log ] -------------------------------------swaggerSyncUtils constructor-----------------------------------------------
[ 2023/7/8 23:55:20 ] [ log ] 服务已启动，请打开下面链接访问: 
http://127.0.0.1:3030/
[ 2023/7/8 23:55:25 ] [ log ] mongodb load success...
[ 2023/7/8 23:55:25 ] [ log ] -------------------------------------swaggerSyncUtils constructor-----------------------------------------------
[ 2023/7/8 23:55:26 ] [ log ] 服务已启动，请打开下面链接访问: 
http://127.0.0.1:3030/
[ 2023/7/8 23:57:51 ] [ log ] mongodb load success...
[ 2023/7/8 23:57:51 ] [ log ] -------------------------------------swaggerSyncUtils constructor-----------------------------------------------
[ 2023/7/8 23:57:51 ] [ log ] 服务已启动，请打开下面链接访问: 
http://127.0.0.1:3030/
[ 2023/7/9 00:01:42 ] [ log ] mongodb load success...
[ 2023/7/9 00:01:42 ] [ log ] -------------------------------------swaggerSyncUtils constructor-----------------------------------------------
[ 2023/7/9 00:01:42 ] [ log ] 服务已启动，请打开下面链接访问: 
http://127.0.0.1:3030/
[ 2023/7/9 00:04:10 ] [ log ] mongodb load success...
[ 2023/7/9 00:04:11 ] [ log ] -------------------------------------swaggerSyncUtils constructor-----------------------------------------------
[ 2023/7/9 00:04:11 ] [ log ] 服务已启动，请打开下面链接访问: 
http://127.0.0.1:3030/
[ 2023/7/9 00:04:15 ] [ log ] mongodb load success...
[ 2023/7/9 00:04:15 ] [ log ] -------------------------------------swaggerSyncUtils constructor-----------------------------------------------
[ 2023/7/9 00:04:15 ] [ log ] 服务已启动，请打开下面链接访问: 
http://127.0.0.1:3030/
[ 2023/7/9 00:08:11 ] [ log ] mongodb load success...
[ 2023/7/9 00:08:12 ] [ log ] -------------------------------------swaggerSyncUtils constructor-----------------------------------------------
[ 2023/7/9 00:08:12 ] [ log ] 服务已启动，请打开下面链接访问: 
http://127.0.0.1:3030/
[ 2023/7/9 00:14:06 ] [ log ] mongodb load success...
[ 2023/7/9 00:14:06 ] [ log ] -------------------------------------swaggerSyncUtils constructor-----------------------------------------------
[ 2023/7/9 00:14:07 ] [ log ] 服务已启动，请打开下面链接访问: 
http://127.0.0.1:3030/
[ 2023/7/9 00:17:09 ] [ log ] mongodb load success...
[ 2023/7/9 00:17:09 ] [ log ] -------------------------------------swaggerSyncUtils constructor-----------------------------------------------
[ 2023/7/9 00:17:09 ] [ log ] 服务已启动，请打开下面链接访问: 
http://127.0.0.1:3030/
[ 2023/7/9 00:24:00 ] [ log ] mongodb load success...
[ 2023/7/9 00:24:00 ] [ log ] -------------------------------------swaggerSyncUtils constructor-----------------------------------------------
[ 2023/7/9 00:24:00 ] [ log ] 服务已启动，请打开下面链接访问: 
http://127.0.0.1:3030/
[ 2023/7/9 00:25:53 ] [ log ] mongodb load success...
[ 2023/7/9 00:25:53 ] [ log ] -------------------------------------swaggerSyncUtils constructor-----------------------------------------------
[ 2023/7/9 00:25:54 ] [ log ] 服务已启动，请打开下面链接访问: 
http://127.0.0.1:3030/
[ 2023/7/9 00:26:16 ] [ log ] mongodb load success...
[ 2023/7/9 00:26:16 ] [ log ] -------------------------------------swaggerSyncUtils constructor-----------------------------------------------
[ 2023/7/9 00:26:16 ] [ log ] 服务已启动，请打开下面链接访问: 
http://127.0.0.1:3030/
[ 2023/7/9 00:26:56 ] [ log ] mongodb load success...
[ 2023/7/9 00:26:57 ] [ log ] -------------------------------------swaggerSyncUtils constructor-----------------------------------------------
[ 2023/7/9 00:26:57 ] [ log ] 服务已启动，请打开下面链接访问: 
http://127.0.0.1:3030/
[ 2023/7/9 00:28:01 ] [ log ] mongodb load success...
[ 2023/7/9 00:28:01 ] [ log ] -------------------------------------swaggerSyncUtils constructor-----------------------------------------------
[ 2023/7/9 00:28:01 ] [ log ] 服务已启动，请打开下面链接访问: 
http://127.0.0.1:3030/
[ 2023/7/9 00:28:45 ] [ log ] mongodb load success...
[ 2023/7/9 00:28:45 ] [ log ] -------------------------------------swaggerSyncUtils constructor-----------------------------------------------
[ 2023/7/9 00:28:45 ] [ log ] 服务已启动，请打开下面链接访问: 
http://127.0.0.1:3030/
[ 2023/7/9 00:29:54 ] [ log ] mongodb load success...
[ 2023/7/9 00:29:55 ] [ log ] -------------------------------------swaggerSyncUtils constructor-----------------------------------------------
[ 2023/7/9 00:29:55 ] [ log ] 服务已启动，请打开下面链接访问: 
http://127.0.0.1:3030/
[ 2023/7/9 00:31:39 ] [ log ] mongodb load success...
[ 2023/7/9 00:31:39 ] [ log ] -------------------------------------swaggerSyncUtils constructor-----------------------------------------------
[ 2023/7/9 00:31:39 ] [ log ] 服务已启动，请打开下面链接访问: 
http://127.0.0.1:3030/
[ 2023/7/9 00:31:42 ] [ log ] mongodb load success...
[ 2023/7/9 00:31:42 ] [ log ] -------------------------------------swaggerSyncUtils constructor-----------------------------------------------
[ 2023/7/9 00:31:42 ] [ log ] 服务已启动，请打开下面链接访问: 
http://127.0.0.1:3030/
[ 2023/7/9 00:36:09 ] [ log ] mongodb load success...
[ 2023/7/9 00:36:09 ] [ log ] -------------------------------------swaggerSyncUtils constructor-----------------------------------------------
[ 2023/7/9 00:36:09 ] [ log ] 服务已启动，请打开下面链接访问: 
http://127.0.0.1:3030/
[ 2023/7/9 00:43:32 ] [ log ] mongodb load success...
[ 2023/7/9 00:43:32 ] [ log ] -------------------------------------swaggerSyncUtils constructor-----------------------------------------------
[ 2023/7/9 00:43:32 ] [ log ] 服务已启动，请打开下面链接访问: 
http://127.0.0.1:3030/
[ 2023/7/9 00:45:24 ] [ log ] mongodb load success...
[ 2023/7/9 00:45:24 ] [ log ] -------------------------------------swaggerSyncUtils constructor-----------------------------------------------
[ 2023/7/9 00:45:24 ] [ log ] 服务已启动，请打开下面链接访问: 
http://127.0.0.1:3030/
[ 2023/7/9 00:46:17 ] [ log ] mongodb load success...
[ 2023/7/9 00:46:18 ] [ log ] -------------------------------------swaggerSyncUtils constructor-----------------------------------------------
[ 2023/7/9 00:46:18 ] [ log ] 服务已启动，请打开下面链接访问: 
http://127.0.0.1:3030/
[ 2023/7/9 00:49:03 ] [ log ] mongodb load success...
[ 2023/7/9 00:49:04 ] [ log ] -------------------------------------swaggerSyncUtils constructor-----------------------------------------------
[ 2023/7/9 00:49:04 ] [ log ] 服务已启动，请打开下面链接访问: 
http://127.0.0.1:3030/
[ 2023/7/9 00:49:16 ] [ log ] mongodb load success...
[ 2023/7/9 00:49:16 ] [ log ] -------------------------------------swaggerSyncUtils constructor-----------------------------------------------
[ 2023/7/9 00:49:17 ] [ log ] 服务已启动，请打开下面链接访问: 
http://127.0.0.1:3030/
[ 2023/7/9 00:49:50 ] [ log ] mongodb load success...
[ 2023/7/9 00:49:50 ] [ log ] -------------------------------------swaggerSyncUtils constructor-----------------------------------------------
[ 2023/7/9 00:49:50 ] [ log ] 服务已启动，请打开下面链接访问: 
http://127.0.0.1:3030/
[ 2023/7/9 00:52:35 ] [ log ] mongodb load success...
[ 2023/7/9 00:52:35 ] [ log ] -------------------------------------swaggerSyncUtils constructor-----------------------------------------------
[ 2023/7/9 00:52:36 ] [ log ] 服务已启动，请打开下面链接访问: 
http://127.0.0.1:3030/
[ 2023/7/9 00:52:47 ] [ log ] mongodb load success...
[ 2023/7/9 00:52:47 ] [ log ] -------------------------------------swaggerSyncUtils constructor-----------------------------------------------
[ 2023/7/9 00:52:47 ] [ log ] 服务已启动，请打开下面链接访问: 
http://127.0.0.1:3030/
[ 2023/7/9 00:53:13 ] [ log ] mongodb load success...
[ 2023/7/9 00:53:14 ] [ log ] -------------------------------------swaggerSyncUtils constructor-----------------------------------------------
[ 2023/7/9 00:53:14 ] [ log ] 服务已启动，请打开下面链接访问: 
http://127.0.0.1:3030/
[ 2023/7/9 00:56:01 ] [ log ] mongodb load success...
[ 2023/7/9 00:56:01 ] [ log ] -------------------------------------swaggerSyncUtils constructor-----------------------------------------------
[ 2023/7/9 00:56:01 ] [ log ] 服务已启动，请打开下面链接访问: 
http://127.0.0.1:3030/
[ 2023/7/9 01:01:51 ] [ log ] mongodb load success...
[ 2023/7/9 01:01:52 ] [ log ] -------------------------------------swaggerSyncUtils constructor-----------------------------------------------
[ 2023/7/9 01:01:52 ] [ log ] 服务已启动，请打开下面链接访问: 
http://127.0.0.1:3030/
[ 2023/7/9 01:05:52 ] [ log ] mongodb load success...
[ 2023/7/9 01:05:52 ] [ log ] -------------------------------------swaggerSyncUtils constructor-----------------------------------------------
[ 2023/7/9 01:05:52 ] [ log ] 服务已启动，请打开下面链接访问: 
http://127.0.0.1:3030/
[ 2023/7/9 01:08:02 ] [ log ] mongodb load success...
[ 2023/7/9 01:08:02 ] [ log ] -------------------------------------swaggerSyncUtils constructor-----------------------------------------------
[ 2023/7/9 01:08:02 ] [ log ] 服务已启动，请打开下面链接访问: 
http://127.0.0.1:3030/
[ 2023/7/9 01:08:04 ] [ log ] mongodb load success...
[ 2023/7/9 01:08:04 ] [ log ] -------------------------------------swaggerSyncUtils constructor-----------------------------------------------
[ 2023/7/9 01:08:04 ] [ log ] 服务已启动，请打开下面链接访问: 
http://127.0.0.1:3030/
[ 2023/7/9 01:08:21 ] [ log ] mongodb load success...
[ 2023/7/9 01:08:21 ] [ log ] -------------------------------------swaggerSyncUtils constructor-----------------------------------------------
[ 2023/7/9 01:08:22 ] [ log ] 服务已启动，请打开下面链接访问: 
http://127.0.0.1:3030/
[ 2023/7/9 01:09:16 ] [ log ] mongodb load success...
[ 2023/7/9 01:09:16 ] [ log ] -------------------------------------swaggerSyncUtils constructor-----------------------------------------------
[ 2023/7/9 01:09:16 ] [ log ] 服务已启动，请打开下面链接访问: 
http://127.0.0.1:3030/
[ 2023/7/9 01:09:30 ] [ log ] mongodb load success...
[ 2023/7/9 01:09:31 ] [ log ] -------------------------------------swaggerSyncUtils constructor-----------------------------------------------
[ 2023/7/9 01:09:31 ] [ log ] 服务已启动，请打开下面链接访问: 
http://127.0.0.1:3030/
[ 2023/7/9 01:10:58 ] [ log ] mongodb load success...
[ 2023/7/9 01:10:58 ] [ log ] -------------------------------------swaggerSyncUtils constructor-----------------------------------------------
[ 2023/7/9 01:10:58 ] [ log ] 服务已启动，请打开下面链接访问: 
http://127.0.0.1:3030/
[ 2023/7/9 01:16:47 ] [ log ] mongodb load success...
[ 2023/7/9 01:16:47 ] [ log ] -------------------------------------swaggerSyncUtils constructor-----------------------------------------------
[ 2023/7/9 01:16:47 ] [ log ] 服务已启动，请打开下面链接访问: 
http://127.0.0.1:3030/
[ 2023/7/15 14:58:52 ] [ log ] mongodb load success...
[ 2023/7/15 14:58:52 ] [ log ] -------------------------------------swaggerSyncUtils constructor-----------------------------------------------
[ 2023/7/15 14:58:52 ] [ log ] 服务已启动，请打开下面链接访问: 
http://127.0.0.1:3030/
[ 2023/7/15 15:17:47 ] [ log ] mongodb load success...
[ 2023/7/15 15:17:47 ] [ log ] -------------------------------------swaggerSyncUtils constructor-----------------------------------------------
[ 2023/7/15 15:17:48 ] [ log ] 服务已启动，请打开下面链接访问: 
http://127.0.0.1:3030/
[ 2023/7/15 19:36:10 ] [ log ] mongodb load success...
[ 2023/7/15 19:36:10 ] [ log ] -------------------------------------swaggerSyncUtils constructor-----------------------------------------------
[ 2023/7/15 19:36:10 ] [ log ] 服务已启动，请打开下面链接访问: 
http://127.0.0.1:3030/
